Log file open, 07/11/20 18:41:09
LogInit: Display: Running engine for game: GameJam
LogPlatformFile: Not using cached read wrapper
LogTaskGraph: Started task graph with 5 named threads and 14 total threads with 3 sets of task threads.
LogStats: Stats thread started at 1.395140
LogD3D11RHI: Loaded GFSDK_Aftermath_Lib.x64.dll
LogICUInternationalization: ICU TimeZone Detection - Raw Offset: +0:00, Platform Override: ''
LogPluginManager: Mounting plugin Paper2D
LogPluginManager: Mounting plugin AISupport
LogPluginManager: Mounting plugin LightPropagationVolume
LogPluginManager: Mounting plugin CameraShakePreviewer
LogPluginManager: Mounting plugin ActorLayerUtilities
LogPluginManager: Mounting plugin AnimationSharing
LogPluginManager: Mounting plugin CLionSourceCodeAccess
LogPluginManager: Mounting plugin CodeLiteSourceCodeAccess
LogPluginManager: Mounting plugin GitSourceControl
LogPluginManager: Mounting plugin KDevelopSourceCodeAccess
LogPluginManager: Mounting plugin NullSourceCodeAccess
LogPluginManager: Mounting plugin PerforceSourceControl
LogPluginManager: Mounting plugin PlasticSourceControl
LogPluginManager: Mounting plugin RiderSourceCodeAccess
LogPluginManager: Mounting plugin SubversionSourceControl
LogPluginManager: Mounting plugin UObjectPlugin
LogPluginManager: Mounting plugin VisualStudioCodeSourceCodeAccess
LogPluginManager: Mounting plugin VisualStudioSourceCodeAccess
LogPluginManager: Mounting plugin XCodeSourceCodeAccess
LogPluginManager: Mounting plugin AssetManagerEditor
LogPluginManager: Mounting plugin CryptoKeys
LogPluginManager: Mounting plugin CurveEditorTools
LogPluginManager: Mounting plugin DataValidation
LogPluginManager: Mounting plugin EditorScriptingUtilities
LogPluginManager: Mounting plugin FacialAnimation
LogPluginManager: Mounting plugin GameplayTagsEditor
LogPluginManager: Mounting plugin GeometryMode
LogPluginManager: Mounting plugin MacGraphicsSwitching
LogPluginManager: Mounting plugin MaterialAnalyzer
LogPluginManager: Mounting plugin MobileLauncherProfileWizard
LogPluginManager: Mounting plugin PluginBrowser
LogPluginManager: Mounting plugin SpeedTreeImporter
LogPluginManager: Mounting plugin DatasmithContent
LogPluginManager: Mounting plugin VariantManagerContent
LogPluginManager: Mounting plugin AlembicImporter
LogPluginManager: Mounting plugin AutomationUtils
LogPluginManager: Mounting plugin BackChannel
LogPluginManager: Mounting plugin ChaosCloth
LogPluginManager: Mounting plugin ChaosClothEditor
LogPluginManager: Mounting plugin ChaosEditor
LogPluginManager: Mounting plugin ChaosNiagara
LogPluginManager: Mounting plugin ChaosSolverPlugin
LogPluginManager: Mounting plugin CharacterAI
LogPluginManager: Mounting plugin GeometryCache
LogPluginManager: Mounting plugin GeometryCollectionPlugin
LogPluginManager: Mounting plugin GeometryProcessing
LogPluginManager: Mounting plugin PlanarCut
LogPluginManager: Mounting plugin PlatformCrypto
LogPluginManager: Mounting plugin ProxyLODPlugin
LogPluginManager: Mounting plugin SkeletalReduction
LogPluginManager: Mounting plugin Niagara
LogPluginManager: Mounting plugin MagicLeap
LogPluginManager: Mounting plugin MagicLeapLightEstimation
LogPluginManager: Mounting plugin MagicLeapMedia
LogPluginManager: Mounting plugin MagicLeapPassableWorld
LogPluginManager: Mounting plugin MLSDK
LogPluginManager: Mounting plugin AndroidMedia
LogPluginManager: Mounting plugin AvfMedia
LogPluginManager: Mounting plugin ImgMedia
LogPluginManager: Mounting plugin MediaCompositing
LogPluginManager: Mounting plugin MediaPlayerEditor
LogPluginManager: Mounting plugin WebMMedia
LogPluginManager: Mounting plugin WmfMedia
LogPluginManager: Mounting plugin MeshPainting
LogPluginManager: Mounting plugin TcpMessaging
LogPluginManager: Mounting plugin UdpMessaging
LogPluginManager: Mounting plugin ActorSequence
LogPluginManager: Mounting plugin LevelSequenceEditor
LogPluginManager: Mounting plugin MatineeToLevelSequence
LogPluginManager: Mounting plugin MovieRenderPipeline
LogPluginManager: Mounting plugin TemplateSequence
LogPluginManager: Mounting plugin NetcodeUnitTest
LogPluginManager: Mounting plugin NUTUnrealEngine4
LogPluginManager: Mounting plugin OnlineSubsystemGooglePlay
LogPluginManager: Mounting plugin OnlineSubsystemIOS
LogPluginManager: Mounting plugin OnlineSubsystem
LogPluginManager: Mounting plugin OnlineSubsystemNull
LogPluginManager: Mounting plugin OnlineSubsystemUtils
LogPluginManager: Mounting plugin LauncherChunkInstaller
LogPluginManager: Mounting plugin AndroidDeviceProfileSelector
LogPluginManager: Mounting plugin AndroidMoviePlayer
LogPluginManager: Mounting plugin AndroidPermission
LogPluginManager: Mounting plugin AppleImageUtils
LogPluginManager: Mounting plugin AppleMoviePlayer
LogPluginManager: Mounting plugin ArchVisCharacter
LogPluginManager: Mounting plugin AssetTags
LogPluginManager: Mounting plugin AudioCapture
LogPluginManager: Mounting plugin CableComponent
LogPluginManager: Mounting plugin CustomMeshComponent
LogPluginManager: Mounting plugin EditableMesh
LogPluginManager: Mounting plugin ExampleDeviceProfileSelector
LogPluginManager: Mounting plugin GoogleCloudMessaging
LogPluginManager: Mounting plugin GooglePAD
LogPluginManager: Mounting plugin IOSDeviceProfileSelector
LogPluginManager: Mounting plugin LinuxDeviceProfileSelector
LogPluginManager: Mounting plugin LocationServicesBPLibrary
LogPluginManager: Mounting plugin MobilePatchingUtils
LogPluginManager: Mounting plugin OculusVR
LogPluginManager: Mounting plugin PhysXVehicles
LogPluginManager: Mounting plugin PostSplashScreen
LogPluginManager: Mounting plugin ProceduralMeshComponent
LogPluginManager: Mounting plugin RuntimePhysXCooking
LogPluginManager: Mounting plugin SignificanceManager
LogPluginManager: Mounting plugin SoundFields
LogPluginManager: Mounting plugin SteamVR
LogPluginManager: Mounting plugin Synthesis
LogPluginManager: Mounting plugin WebMMoviePlayer
LogPluginManager: Mounting plugin WindowsMoviePlayer
LogPluginManager: Mounting plugin ScreenshotTools
LogInit: Using libcurl 7.55.1-DEV
LogInit:  - built for x86_64-pc-win32
LogInit:  - supports SSL with OpenSSL/1.1.1
LogInit:  - supports HTTP deflate (compression) using libz 1.2.8
LogInit:  - other features:
LogInit:      CURL_VERSION_SSL
LogInit:      CURL_VERSION_LIBZ
LogInit:      CURL_VERSION_IPV6
LogInit:      CURL_VERSION_ASYNCHDNS
LogInit:      CURL_VERSION_LARGEFILE
LogInit:      CURL_VERSION_IDN
LogInit:  CurlRequestOptions (configurable via config and command line):
LogInit:  - bVerifyPeer = true  - Libcurl will verify peer certificate
LogInit:  - bUseHttpProxy = false  - Libcurl will NOT use HTTP proxy
LogInit:  - bDontReuseConnections = false  - Libcurl will reuse connections
LogInit:  - MaxHostConnections = 16  - Libcurl will limit the number of connections to a host
LogInit:  - LocalHostAddr = Default
LogInit:  - BufferSize = 65536
LogOnline: OSS: Creating online subsystem instance for: NULL
LogInit: WinSock: version 1.1 (2.2), MaxSocks=32767, MaxUdp=65467
LogOnline: OSS: TryLoadSubsystemAndSetDefault: Loaded subsystem for module [NULL]
LogInit: Build: ++UE4+Release-4.25-CL-13594126
LogInit: Engine Version: 4.25.1-13594126+++UE4+Release-4.25
LogInit: Compatible Engine Version: 4.25.0-13144385+++UE4+Release-4.25
LogInit: Net CL: 13144385
LogInit: OS: Windows 10 (Release 1909) (), CPU: Intel(R) Core(TM) i5-4590 CPU @ 3.30GHz, GPU: AMD Radeon (TM) R9 380 Series
LogInit: Compiled (64-bit): Jun  2 2020 02:10:36
LogInit: Compiled with Visual C++: 19.24.28315.00
LogInit: Build Configuration: Development
LogInit: Branch Name: ++UE4+Release-4.25
LogInit: Command Line: 
LogInit: Base Directory: I:/Apps/UE_4.25/Engine/Binaries/Win64/
LogInit: Allocator: TBB
LogInit: Installed Engine Build: 1
LogDevObjectVersion: Number of dev versions registered: 26
LogDevObjectVersion:   Dev-Blueprints (B0D832E4-1F89-4F0D-ACCF-7EB736FD4AA2): 10
LogDevObjectVersion:   Dev-Build (E1C64328-A22C-4D53-A36C-8E866417BD8C): 0
LogDevObjectVersion:   Dev-Core (375EC13C-06E4-48FB-B500-84F0262A717E): 4
LogDevObjectVersion:   Dev-Editor (E4B068ED-F494-42E9-A231-DA0B2E46BB41): 38
LogDevObjectVersion:   Dev-Framework (CFFC743F-43B0-4480-9391-14DF171D2073): 37
LogDevObjectVersion:   Dev-Mobile (B02B49B5-BB20-44E9-A304-32B752E40360): 2
LogDevObjectVersion:   Dev-Networking (A4E4105C-59A1-49B5-A7C5-40C4547EDFEE): 0
LogDevObjectVersion:   Dev-Online (39C831C9-5AE6-47DC-9A44-9C173E1C8E7C): 0
LogDevObjectVersion:   Dev-Physics (78F01B33-EBEA-4F98-B9B4-84EACCB95AA2): 4
LogDevObjectVersion:   Dev-Platform (6631380F-2D4D-43E0-8009-CF276956A95A): 0
LogDevObjectVersion:   Dev-Rendering (12F88B9F-8875-4AFC-A67C-D90C383ABD29): 43
LogDevObjectVersion:   Dev-Sequencer (7B5AE74C-D270-4C10-A958-57980B212A5A): 12
LogDevObjectVersion:   Dev-VR (D7296918-1DD6-4BDD-9DE2-64A83CC13884): 3
LogDevObjectVersion:   Dev-LoadTimes (C2A15278-BFE7-4AFE-6C17-90FF531DF755): 1
LogDevObjectVersion:   Private-Geometry (6EACA3D4-40EC-4CC1-B786-8BED09428FC5): 3
LogDevObjectVersion:   Dev-AnimPhys (29E575DD-E0A3-4627-9D10-D276232CDCEA): 17
LogDevObjectVersion:   Dev-Anim (AF43A65D-7FD3-4947-9873-3E8ED9C1BB05): 7
LogDevObjectVersion:   Dev-ReflectionCapture (6B266CEC-1EC7-4B8F-A30B-E4D90942FC07): 1
LogDevObjectVersion:   Dev-Automation (0DF73D61-A23F-47EA-B727-89E90C41499A): 1
LogDevObjectVersion:   FortniteMain (601D1886-AC64-4F84-AA16-D3DE0DEAC7D6): 31
LogDevObjectVersion:   Dev-Enterprise (9DFFBCD6-494F-0158-E221-12823C92A888): 10
LogDevObjectVersion:   Dev-Niagara (F2AED0AC-9AFE-416F-8664-AA7FFA26D6FC): 1
LogDevObjectVersion:   Dev-Destruction (174F1F0B-B4C6-45A5-B13F-2EE8D0FB917D): 10
LogDevObjectVersion:   Dev-Physics-Ext (35F94A83-E258-406C-A318-09F59610247C): 37
LogDevObjectVersion:   Dev-PhysicsMaterial-Chaos (B68FC16E-8B1B-42E2-B453-215C058844FE): 1
LogDevObjectVersion:   Dev-CineCamera (B2E18506-4273-CFC2-A54E-F4BB758BBA07): 1
LogInit: Presizing for max 25165824 objects, including 0 objects not considered by GC, pre-allocating 0 bytes for permanent pool.
LogConfig: Applying CVar settings from Section [/Script/Engine.StreamingSettings] File [I:/GitHub/GameJam/Saved/Config/Windows/Engine.ini]
LogConfig: Setting CVar [[s.MinBulkDataSizeForAsyncLoading:131072]]
LogConfig: Setting CVar [[s.AsyncLoadingThreadEnabled:0]]
LogConfig: Setting CVar [[s.EventDrivenLoaderEnabled:1]]
LogConfig: Setting CVar [[s.WarnIfTimeLimitExceeded:0]]
LogConfig: Setting CVar [[s.TimeLimitExceededMultiplier:1.5]]
LogConfig: Setting CVar [[s.TimeLimitExceededMinTime:0.005]]
LogConfig: Setting CVar [[s.UseBackgroundLevelStreaming:1]]
LogConfig: Setting CVar [[s.PriorityAsyncLoadingExtraTime:15.0]]
LogConfig: Setting CVar [[s.LevelStreamingActorsUpdateTimeLimit:5.0]]
LogConfig: Setting CVar [[s.PriorityLevelStreamingActorsUpdateExtraTime:5.0]]
LogConfig: Setting CVar [[s.LevelStreamingComponentsRegistrationGranularity:10]]
LogConfig: Setting CVar [[s.UnregisterComponentsTimeLimit:1.0]]
LogConfig: Setting CVar [[s.LevelStreamingComponentsUnregistrationGranularity:5]]
LogConfig: Setting CVar [[s.FlushStreamingOnExit:1]]
LogInit: Object subsystem initialized
LogConfig: Setting CVar [[con.DebugEarlyDefault:1]]
LogConfig: Setting CVar [[r.setres:1280x720]]
[2020.07.11-17.41.09:298][  0]LogConfig: Setting CVar [[r.VSync:0]]
[2020.07.11-17.41.09:299][  0]LogConfig: Setting CVar [[r.RHICmdBypass:0]]
[2020.07.11-17.41.09:299][  0]LogConfig: Applying CVar settings from Section [/Script/Engine.RendererSettings] File [I:/GitHub/GameJam/Saved/Config/Windows/Engine.ini]
[2020.07.11-17.41.09:299][  0]LogConfig: Setting CVar [[r.GPUCrashDebugging:0]]
[2020.07.11-17.41.09:299][  0]LogConfig: Applying CVar settings from Section [/Script/Engine.RendererOverrideSettings] File [I:/GitHub/GameJam/Saved/Config/Windows/Engine.ini]
[2020.07.11-17.41.09:299][  0]LogConfig: Applying CVar settings from Section [/Script/Engine.StreamingSettings] File [I:/GitHub/GameJam/Saved/Config/Windows/Engine.ini]
[2020.07.11-17.41.09:299][  0]LogConfig: Setting CVar [[s.MinBulkDataSizeForAsyncLoading:131072]]
[2020.07.11-17.41.09:299][  0]LogConfig: Setting CVar [[s.AsyncLoadingThreadEnabled:0]]
[2020.07.11-17.41.09:299][  0]LogConfig: Setting CVar [[s.EventDrivenLoaderEnabled:1]]
[2020.07.11-17.41.09:299][  0]LogConfig: Setting CVar [[s.WarnIfTimeLimitExceeded:0]]
[2020.07.11-17.41.09:299][  0]LogConfig: Setting CVar [[s.TimeLimitExceededMultiplier:1.5]]
[2020.07.11-17.41.09:299][  0]LogConfig: Setting CVar [[s.TimeLimitExceededMinTime:0.005]]
[2020.07.11-17.41.09:299][  0]LogConfig: Setting CVar [[s.UseBackgroundLevelStreaming:1]]
[2020.07.11-17.41.09:299][  0]LogConfig: Setting CVar [[s.PriorityAsyncLoadingExtraTime:15.0]]
[2020.07.11-17.41.09:299][  0]LogConfig: Setting CVar [[s.LevelStreamingActorsUpdateTimeLimit:5.0]]
[2020.07.11-17.41.09:299][  0]LogConfig: Setting CVar [[s.PriorityLevelStreamingActorsUpdateExtraTime:5.0]]
[2020.07.11-17.41.09:299][  0]LogConfig: Setting CVar [[s.LevelStreamingComponentsRegistrationGranularity:10]]
[2020.07.11-17.41.09:299][  0]LogConfig: Setting CVar [[s.UnregisterComponentsTimeLimit:1.0]]
[2020.07.11-17.41.09:299][  0]LogConfig: Setting CVar [[s.LevelStreamingComponentsUnregistrationGranularity:5]]
[2020.07.11-17.41.09:299][  0]LogConfig: Setting CVar [[s.FlushStreamingOnExit:1]]
[2020.07.11-17.41.09:299][  0]LogConfig: Applying CVar settings from Section [/Script/Engine.GarbageCollectionSettings] File [I:/GitHub/GameJam/Saved/Config/Windows/Engine.ini]
[2020.07.11-17.41.09:299][  0]LogConfig: Setting CVar [[gc.MaxObjectsNotConsideredByGC:1]]
[2020.07.11-17.41.09:299][  0]LogConfig: Setting CVar [[gc.SizeOfPermanentObjectPool:0]]
[2020.07.11-17.41.09:299][  0]LogConfig: Setting CVar [[gc.FlushStreamingOnGC:0]]
[2020.07.11-17.41.09:299][  0]LogConfig: Setting CVar [[gc.NumRetriesBeforeForcingGC:10]]
[2020.07.11-17.41.09:299][  0]LogConfig: Setting CVar [[gc.AllowParallelGC:1]]
[2020.07.11-17.41.09:299][  0]LogConfig: Setting CVar [[gc.TimeBetweenPurgingPendingKillObjects:61.1]]
[2020.07.11-17.41.09:299][  0]LogConfig: Setting CVar [[gc.MaxObjectsInEditor:25165824]]
[2020.07.11-17.41.09:299][  0]LogConfig: Setting CVar [[gc.IncrementalBeginDestroyEnabled:1]]
[2020.07.11-17.41.09:299][  0]LogConfig: Setting CVar [[gc.CreateGCClusters:1]]
[2020.07.11-17.41.09:299][  0]LogConfig: Setting CVar [[gc.MinGCClusterSize:5]]
[2020.07.11-17.41.09:299][  0]LogConfig: Setting CVar [[gc.ActorClusteringEnabled:0]]
[2020.07.11-17.41.09:299][  0]LogConfig: Setting CVar [[gc.BlueprintClusteringEnabled:0]]
[2020.07.11-17.41.09:299][  0]LogConfig: Setting CVar [[gc.UseDisregardForGCOnDedicatedServers:0]]
[2020.07.11-17.41.09:299][  0]LogConfig: Applying CVar settings from Section [/Script/Engine.NetworkSettings] File [I:/GitHub/GameJam/Saved/Config/Windows/Engine.ini]
[2020.07.11-17.41.09:299][  0]LogConfig: Applying CVar settings from Section [/Script/UnrealEd.CookerSettings] File [I:/GitHub/GameJam/Saved/Config/Windows/Engine.ini]
[2020.07.11-17.41.09:311][  0]LogConfig: Applying CVar settings from Section [ViewDistanceQuality@3] File [I:/GitHub/GameJam/Saved/Config/Windows/Scalability.ini]
[2020.07.11-17.41.09:311][  0]LogConfig: Setting CVar [[r.SkeletalMeshLODBias:0]]
[2020.07.11-17.41.09:311][  0]LogConfig: Setting CVar [[r.ViewDistanceScale:1.0]]
[2020.07.11-17.41.09:311][  0]LogConfig: Applying CVar settings from Section [AntiAliasingQuality@3] File [I:/GitHub/GameJam/Saved/Config/Windows/Scalability.ini]
[2020.07.11-17.41.09:311][  0]LogConfig: Setting CVar [[r.PostProcessAAQuality:4]]
[2020.07.11-17.41.09:311][  0]LogConfig: Applying CVar settings from Section [ShadowQuality@3] File [I:/GitHub/GameJam/Saved/Config/Windows/Scalability.ini]
[2020.07.11-17.41.09:311][  0]LogConfig: Setting CVar [[r.LightFunctionQuality:1]]
[2020.07.11-17.41.09:311][  0]LogConfig: Setting CVar [[r.ShadowQuality:5]]
[2020.07.11-17.41.09:311][  0]LogConfig: Setting CVar [[r.Shadow.CSM.MaxCascades:10]]
[2020.07.11-17.41.09:311][  0]LogConfig: Setting CVar [[r.Shadow.MaxResolution:2048]]
[2020.07.11-17.41.09:311][  0]LogConfig: Setting CVar [[r.Shadow.MaxCSMResolution:2048]]
[2020.07.11-17.41.09:311][  0]LogConfig: Setting CVar [[r.Shadow.RadiusThreshold:0.01]]
[2020.07.11-17.41.09:311][  0]LogConfig: Setting CVar [[r.Shadow.DistanceScale:1.0]]
[2020.07.11-17.41.09:311][  0]LogConfig: Setting CVar [[r.Shadow.CSM.TransitionScale:1.0]]
[2020.07.11-17.41.09:311][  0]LogConfig: Setting CVar [[r.Shadow.PreShadowResolutionFactor:1.0]]
[2020.07.11-17.41.09:311][  0]LogConfig: Setting CVar [[r.DistanceFieldShadowing:1]]
[2020.07.11-17.41.09:311][  0]LogConfig: Setting CVar [[r.DistanceFieldAO:1]]
[2020.07.11-17.41.09:311][  0]LogConfig: Setting CVar [[r.AOQuality:2]]
[2020.07.11-17.41.09:311][  0]LogConfig: Setting CVar [[r.VolumetricFog:1]]
[2020.07.11-17.41.09:311][  0]LogConfig: Setting CVar [[r.VolumetricFog.GridPixelSize:8]]
[2020.07.11-17.41.09:311][  0]LogConfig: Setting CVar [[r.VolumetricFog.GridSizeZ:128]]
[2020.07.11-17.41.09:311][  0]LogConfig: Setting CVar [[r.VolumetricFog.HistoryMissSupersampleCount:4]]
[2020.07.11-17.41.09:311][  0]LogConfig: Setting CVar [[r.LightMaxDrawDistanceScale:1]]
[2020.07.11-17.41.09:311][  0]LogConfig: Setting CVar [[r.CapsuleShadows:1]]
[2020.07.11-17.41.09:311][  0]LogConfig: Applying CVar settings from Section [PostProcessQuality@3] File [I:/GitHub/GameJam/Saved/Config/Windows/Scalability.ini]
[2020.07.11-17.41.09:311][  0]LogConfig: Setting CVar [[r.MotionBlurQuality:4]]
[2020.07.11-17.41.09:311][  0]LogConfig: Setting CVar [[r.AmbientOcclusionMipLevelFactor:0.4]]
[2020.07.11-17.41.09:311][  0]LogConfig: Setting CVar [[r.AmbientOcclusionMaxQuality:100]]
[2020.07.11-17.41.09:311][  0]LogConfig: Setting CVar [[r.AmbientOcclusionLevels:-1]]
[2020.07.11-17.41.09:311][  0]LogConfig: Setting CVar [[r.AmbientOcclusionRadiusScale:1.0]]
[2020.07.11-17.41.09:311][  0]LogConfig: Setting CVar [[r.DepthOfFieldQuality:2]]
[2020.07.11-17.41.09:311][  0]LogConfig: Setting CVar [[r.RenderTargetPoolMin:400]]
[2020.07.11-17.41.09:311][  0]LogConfig: Setting CVar [[r.LensFlareQuality:2]]
[2020.07.11-17.41.09:311][  0]LogConfig: Setting CVar [[r.SceneColorFringeQuality:1]]
[2020.07.11-17.41.09:311][  0]LogConfig: Setting CVar [[r.EyeAdaptationQuality:2]]
[2020.07.11-17.41.09:311][  0]LogConfig: Setting CVar [[r.BloomQuality:5]]
[2020.07.11-17.41.09:311][  0]LogConfig: Setting CVar [[r.FastBlurThreshold:100]]
[2020.07.11-17.41.09:311][  0]LogConfig: Setting CVar [[r.Upscale.Quality:3]]
[2020.07.11-17.41.09:311][  0]LogConfig: Setting CVar [[r.Tonemapper.GrainQuantization:1]]
[2020.07.11-17.41.09:311][  0]LogConfig: Setting CVar [[r.LightShaftQuality:1]]
[2020.07.11-17.41.09:311][  0]LogConfig: Setting CVar [[r.Filter.SizeScale:1]]
[2020.07.11-17.41.09:311][  0]LogConfig: Setting CVar [[r.Tonemapper.Quality:5]]
[2020.07.11-17.41.09:311][  0]LogConfig: Setting CVar [[r.DOF.Gather.AccumulatorQuality:1        ; higher gathering accumulator quality]]
[2020.07.11-17.41.09:311][  0]LogConfig: Setting CVar [[r.DOF.Gather.PostfilterMethod:1          ; Median3x3 postfilering method]]
[2020.07.11-17.41.09:311][  0]LogConfig: Setting CVar [[r.DOF.Gather.EnableBokehSettings:0       ; no bokeh simulation when gathering]]
[2020.07.11-17.41.09:311][  0]LogConfig: Setting CVar [[r.DOF.Gather.RingCount:4                 ; medium number of samples when gathering]]
[2020.07.11-17.41.09:311][  0]LogConfig: Setting CVar [[r.DOF.Scatter.ForegroundCompositing:1    ; additive foreground scattering]]
[2020.07.11-17.41.09:311][  0]LogConfig: Setting CVar [[r.DOF.Scatter.BackgroundCompositing:2    ; additive background scattering]]
[2020.07.11-17.41.09:311][  0]LogConfig: Setting CVar [[r.DOF.Scatter.EnableBokehSettings:1      ; bokeh simulation when scattering]]
[2020.07.11-17.41.09:311][  0]LogConfig: Setting CVar [[r.DOF.Scatter.MaxSpriteRatio:0.1         ; only a maximum of 10% of scattered bokeh]]
[2020.07.11-17.41.09:311][  0]LogConfig: Setting CVar [[r.DOF.Recombine.Quality:1                ; cheap slight out of focus]]
[2020.07.11-17.41.09:311][  0]LogConfig: Setting CVar [[r.DOF.Recombine.EnableBokehSettings:0    ; no bokeh simulation on slight out of focus]]
[2020.07.11-17.41.09:311][  0]LogConfig: Setting CVar [[r.DOF.TemporalAAQuality:1                ; more stable temporal accumulation]]
[2020.07.11-17.41.09:311][  0]LogConfig: Setting CVar [[r.DOF.Kernel.MaxForegroundRadius:0.025]]
[2020.07.11-17.41.09:311][  0]LogConfig: Setting CVar [[r.DOF.Kernel.MaxBackgroundRadius:0.025]]
[2020.07.11-17.41.09:311][  0]LogConfig: Applying CVar settings from Section [TextureQuality@3] File [I:/GitHub/GameJam/Saved/Config/Windows/Scalability.ini]
[2020.07.11-17.41.09:311][  0]LogConfig: Setting CVar [[r.Streaming.MipBias:0]]
[2020.07.11-17.41.09:311][  0]LogConfig: Setting CVar [[r.Streaming.AmortizeCPUToGPUCopy:0]]
[2020.07.11-17.41.09:311][  0]LogConfig: Setting CVar [[r.Streaming.MaxNumTexturesToStreamPerFrame:0]]
[2020.07.11-17.41.09:311][  0]LogConfig: Setting CVar [[r.Streaming.Boost:1]]
[2020.07.11-17.41.09:311][  0]LogConfig: Setting CVar [[r.MaxAnisotropy:8]]
[2020.07.11-17.41.09:311][  0]LogConfig: Setting CVar [[r.VT.MaxAnisotropy:8]]
[2020.07.11-17.41.09:311][  0]LogConfig: Setting CVar [[r.Streaming.LimitPoolSizeToVRAM:0]]
[2020.07.11-17.41.09:311][  0]LogConfig: Setting CVar [[r.Streaming.PoolSize:1000]]
[2020.07.11-17.41.09:311][  0]LogConfig: Setting CVar [[r.Streaming.MaxEffectiveScreenSize:0]]
[2020.07.11-17.41.09:311][  0]LogConfig: Applying CVar settings from Section [EffectsQuality@3] File [I:/GitHub/GameJam/Saved/Config/Windows/Scalability.ini]
[2020.07.11-17.41.09:312][  0]LogConfig: Setting CVar [[r.TranslucencyLightingVolumeDim:64]]
[2020.07.11-17.41.09:312][  0]LogConfig: Setting CVar [[r.RefractionQuality:2]]
[2020.07.11-17.41.09:312][  0]LogConfig: Setting CVar [[r.SSR.Quality:3]]
[2020.07.11-17.41.09:312][  0]LogConfig: Setting CVar [[r.SSR.HalfResSceneColor:0]]
[2020.07.11-17.41.09:312][  0]LogConfig: Setting CVar [[r.SceneColorFormat:4]]
[2020.07.11-17.41.09:312][  0]LogConfig: Setting CVar [[r.DetailMode:2]]
[2020.07.11-17.41.09:312][  0]LogConfig: Setting CVar [[r.TranslucencyVolumeBlur:1]]
[2020.07.11-17.41.09:312][  0]LogConfig: Setting CVar [[r.MaterialQualityLevel:1 ; High quality]]
[2020.07.11-17.41.09:312][  0]LogConfig: Setting CVar [[r.SSS.Scale:1]]
[2020.07.11-17.41.09:312][  0]LogConfig: Setting CVar [[r.SSS.SampleSet:2]]
[2020.07.11-17.41.09:312][  0]LogConfig: Setting CVar [[r.SSS.Quality:1]]
[2020.07.11-17.41.09:312][  0]LogConfig: Setting CVar [[r.SSS.HalfRes:0]]
[2020.07.11-17.41.09:312][  0]LogConfig: Setting CVar [[r.SSGI.Quality:3]]
[2020.07.11-17.41.09:312][  0]LogConfig: Setting CVar [[r.EmitterSpawnRateScale:1.0]]
[2020.07.11-17.41.09:312][  0]LogConfig: Setting CVar [[r.ParticleLightQuality:2]]
[2020.07.11-17.41.09:312][  0]LogConfig: Setting CVar [[r.SkyAtmosphere.AerialPerspectiveLUT.FastApplyOnOpaque:1 ; Always have FastSkyLUT 1 in this case to avoid wrong sky]]
[2020.07.11-17.41.09:312][  0]LogConfig: Setting CVar [[r.SkyAtmosphere.AerialPerspectiveLUT.SampleCountPerSlice:1]]
[2020.07.11-17.41.09:312][  0]LogConfig: Setting CVar [[r.SkyAtmosphere.AerialPerspectiveLUT.DepthResolution:16.0]]
[2020.07.11-17.41.09:312][  0]LogConfig: Setting CVar [[r.SkyAtmosphere.FastSkyLUT:1]]
[2020.07.11-17.41.09:312][  0]LogConfig: Setting CVar [[r.SkyAtmosphere.FastSkyLUT.SampleCountMin:4.0]]
[2020.07.11-17.41.09:312][  0]LogConfig: Setting CVar [[r.SkyAtmosphere.FastSkyLUT.SampleCountMax:32.0]]
[2020.07.11-17.41.09:312][  0]LogConfig: Setting CVar [[r.SkyAtmosphere.SampleCountMin:4.0]]
[2020.07.11-17.41.09:312][  0]LogConfig: Setting CVar [[r.SkyAtmosphere.SampleCountMax:32.0]]
[2020.07.11-17.41.09:312][  0]LogConfig: Setting CVar [[r.SkyAtmosphere.TransmittanceLUT.UseSmallFormat:0]]
[2020.07.11-17.41.09:312][  0]LogConfig: Setting CVar [[r.SkyAtmosphere.TransmittanceLUT.SampleCount:10.0]]
[2020.07.11-17.41.09:312][  0]LogConfig: Setting CVar [[r.SkyAtmosphere.MultiScatteringLUT.SampleCount:15.0]]
[2020.07.11-17.41.09:312][  0]LogConfig: Applying CVar settings from Section [FoliageQuality@3] File [I:/GitHub/GameJam/Saved/Config/Windows/Scalability.ini]
[2020.07.11-17.41.09:312][  0]LogConfig: Setting CVar [[foliage.DensityScale:1.0]]
[2020.07.11-17.41.09:312][  0]LogConfig: Setting CVar [[grass.DensityScale:1.0]]
[2020.07.11-17.41.09:312][  0]LogConfig: Applying CVar settings from Section [ShadingQuality@3] File [I:/GitHub/GameJam/Saved/Config/Windows/Scalability.ini]
[2020.07.11-17.41.09:312][  0]LogConfig: Setting CVar [[r.HairStrands.SkyLighting.SampleCount:16]]
[2020.07.11-17.41.09:312][  0]LogConfig: Setting CVar [[r.HairStrands.SkyLighting.JitterIntegration:0]]
[2020.07.11-17.41.09:312][  0]LogConfig: Setting CVar [[r.HairStrands.SkyAO.SampleCount:16]]
[2020.07.11-17.41.09:312][  0]LogConfig: Setting CVar [[r.HairStrands.DeepShadow.SuperSampling:0]]
[2020.07.11-17.41.09:312][  0]LogConfig: Setting CVar [[r.HairStrands.VisibilityPPLL:0]]
[2020.07.11-17.41.09:312][  0]LogConfig: Setting CVar [[r.HairStrands.RasterizationScale:0.5]]
[2020.07.11-17.41.09:312][  0]LogConfig: Setting CVar [[r.HairStrands.VelocityRasterizationScale:1]]
[2020.07.11-17.41.09:312][  0]LogInit: Selected Device Profile: [Windows]
[2020.07.11-17.41.09:312][  0]LogInit: Applying CVar settings loaded from the selected device profile: [Windows]
[2020.07.11-17.41.09:312][  0]LogHAL: Display: Platform has ~ 16 GB [17114779648 / 17179869184 / 16], which maps to Larger [LargestMinGB=32, LargerMinGB=12, DefaultMinGB=8, SmallerMinGB=6, SmallestMinGB=0)
[2020.07.11-17.41.09:312][  0]LogInit: Going up to parent DeviceProfile []
[2020.07.11-17.41.09:312][  0]LogConfig: Applying CVar settings from Section [ViewDistanceQuality@3] File [I:/GitHub/GameJam/Saved/Config/Windows/Scalability.ini]
[2020.07.11-17.41.09:312][  0]LogConfig: Setting CVar [[r.SkeletalMeshLODBias:0]]
[2020.07.11-17.41.09:312][  0]LogConfig: Setting CVar [[r.ViewDistanceScale:1.0]]
[2020.07.11-17.41.09:312][  0]LogConfig: Applying CVar settings from Section [AntiAliasingQuality@3] File [I:/GitHub/GameJam/Saved/Config/Windows/Scalability.ini]
[2020.07.11-17.41.09:312][  0]LogConfig: Setting CVar [[r.PostProcessAAQuality:4]]
[2020.07.11-17.41.09:312][  0]LogConfig: Applying CVar settings from Section [ShadowQuality@3] File [I:/GitHub/GameJam/Saved/Config/Windows/Scalability.ini]
[2020.07.11-17.41.09:312][  0]LogConfig: Setting CVar [[r.LightFunctionQuality:1]]
[2020.07.11-17.41.09:312][  0]LogConfig: Setting CVar [[r.ShadowQuality:5]]
[2020.07.11-17.41.09:312][  0]LogConfig: Setting CVar [[r.Shadow.CSM.MaxCascades:10]]
[2020.07.11-17.41.09:312][  0]LogConfig: Setting CVar [[r.Shadow.MaxResolution:2048]]
[2020.07.11-17.41.09:312][  0]LogConfig: Setting CVar [[r.Shadow.MaxCSMResolution:2048]]
[2020.07.11-17.41.09:312][  0]LogConfig: Setting CVar [[r.Shadow.RadiusThreshold:0.01]]
[2020.07.11-17.41.09:312][  0]LogConfig: Setting CVar [[r.Shadow.DistanceScale:1.0]]
[2020.07.11-17.41.09:312][  0]LogConfig: Setting CVar [[r.Shadow.CSM.TransitionScale:1.0]]
[2020.07.11-17.41.09:312][  0]LogConfig: Setting CVar [[r.Shadow.PreShadowResolutionFactor:1.0]]
[2020.07.11-17.41.09:312][  0]LogConfig: Setting CVar [[r.DistanceFieldShadowing:1]]
[2020.07.11-17.41.09:312][  0]LogConfig: Setting CVar [[r.DistanceFieldAO:1]]
[2020.07.11-17.41.09:312][  0]LogConfig: Setting CVar [[r.AOQuality:2]]
[2020.07.11-17.41.09:312][  0]LogConfig: Setting CVar [[r.VolumetricFog:1]]
[2020.07.11-17.41.09:312][  0]LogConfig: Setting CVar [[r.VolumetricFog.GridPixelSize:8]]
[2020.07.11-17.41.09:312][  0]LogConfig: Setting CVar [[r.VolumetricFog.GridSizeZ:128]]
[2020.07.11-17.41.09:312][  0]LogConfig: Setting CVar [[r.VolumetricFog.HistoryMissSupersampleCount:4]]
[2020.07.11-17.41.09:312][  0]LogConfig: Setting CVar [[r.LightMaxDrawDistanceScale:1]]
[2020.07.11-17.41.09:312][  0]LogConfig: Setting CVar [[r.CapsuleShadows:1]]
[2020.07.11-17.41.09:312][  0]LogConfig: Applying CVar settings from Section [PostProcessQuality@3] File [I:/GitHub/GameJam/Saved/Config/Windows/Scalability.ini]
[2020.07.11-17.41.09:312][  0]LogConfig: Setting CVar [[r.MotionBlurQuality:4]]
[2020.07.11-17.41.09:312][  0]LogConfig: Setting CVar [[r.AmbientOcclusionMipLevelFactor:0.4]]
[2020.07.11-17.41.09:312][  0]LogConfig: Setting CVar [[r.AmbientOcclusionMaxQuality:100]]
[2020.07.11-17.41.09:312][  0]LogConfig: Setting CVar [[r.AmbientOcclusionLevels:-1]]
[2020.07.11-17.41.09:313][  0]LogConfig: Setting CVar [[r.AmbientOcclusionRadiusScale:1.0]]
[2020.07.11-17.41.09:313][  0]LogConfig: Setting CVar [[r.DepthOfFieldQuality:2]]
[2020.07.11-17.41.09:313][  0]LogConfig: Setting CVar [[r.RenderTargetPoolMin:400]]
[2020.07.11-17.41.09:313][  0]LogConfig: Setting CVar [[r.LensFlareQuality:2]]
[2020.07.11-17.41.09:313][  0]LogConfig: Setting CVar [[r.SceneColorFringeQuality:1]]
[2020.07.11-17.41.09:313][  0]LogConfig: Setting CVar [[r.EyeAdaptationQuality:2]]
[2020.07.11-17.41.09:313][  0]LogConfig: Setting CVar [[r.BloomQuality:5]]
[2020.07.11-17.41.09:313][  0]LogConfig: Setting CVar [[r.FastBlurThreshold:100]]
[2020.07.11-17.41.09:313][  0]LogConfig: Setting CVar [[r.Upscale.Quality:3]]
[2020.07.11-17.41.09:313][  0]LogConfig: Setting CVar [[r.Tonemapper.GrainQuantization:1]]
[2020.07.11-17.41.09:313][  0]LogConfig: Setting CVar [[r.LightShaftQuality:1]]
[2020.07.11-17.41.09:313][  0]LogConfig: Setting CVar [[r.Filter.SizeScale:1]]
[2020.07.11-17.41.09:313][  0]LogConfig: Setting CVar [[r.Tonemapper.Quality:5]]
[2020.07.11-17.41.09:313][  0]LogConfig: Setting CVar [[r.DOF.Gather.AccumulatorQuality:1        ; higher gathering accumulator quality]]
[2020.07.11-17.41.09:313][  0]LogConfig: Setting CVar [[r.DOF.Gather.PostfilterMethod:1          ; Median3x3 postfilering method]]
[2020.07.11-17.41.09:313][  0]LogConfig: Setting CVar [[r.DOF.Gather.EnableBokehSettings:0       ; no bokeh simulation when gathering]]
[2020.07.11-17.41.09:313][  0]LogConfig: Setting CVar [[r.DOF.Gather.RingCount:4                 ; medium number of samples when gathering]]
[2020.07.11-17.41.09:313][  0]LogConfig: Setting CVar [[r.DOF.Scatter.ForegroundCompositing:1    ; additive foreground scattering]]
[2020.07.11-17.41.09:313][  0]LogConfig: Setting CVar [[r.DOF.Scatter.BackgroundCompositing:2    ; additive background scattering]]
[2020.07.11-17.41.09:313][  0]LogConfig: Setting CVar [[r.DOF.Scatter.EnableBokehSettings:1      ; bokeh simulation when scattering]]
[2020.07.11-17.41.09:313][  0]LogConfig: Setting CVar [[r.DOF.Scatter.MaxSpriteRatio:0.1         ; only a maximum of 10% of scattered bokeh]]
[2020.07.11-17.41.09:313][  0]LogConfig: Setting CVar [[r.DOF.Recombine.Quality:1                ; cheap slight out of focus]]
[2020.07.11-17.41.09:313][  0]LogConfig: Setting CVar [[r.DOF.Recombine.EnableBokehSettings:0    ; no bokeh simulation on slight out of focus]]
[2020.07.11-17.41.09:313][  0]LogConfig: Setting CVar [[r.DOF.TemporalAAQuality:1                ; more stable temporal accumulation]]
[2020.07.11-17.41.09:313][  0]LogConfig: Setting CVar [[r.DOF.Kernel.MaxForegroundRadius:0.025]]
[2020.07.11-17.41.09:313][  0]LogConfig: Setting CVar [[r.DOF.Kernel.MaxBackgroundRadius:0.025]]
[2020.07.11-17.41.09:313][  0]LogConfig: Applying CVar settings from Section [TextureQuality@3] File [I:/GitHub/GameJam/Saved/Config/Windows/Scalability.ini]
[2020.07.11-17.41.09:313][  0]LogConfig: Setting CVar [[r.Streaming.MipBias:0]]
[2020.07.11-17.41.09:313][  0]LogConfig: Setting CVar [[r.Streaming.AmortizeCPUToGPUCopy:0]]
[2020.07.11-17.41.09:313][  0]LogConfig: Setting CVar [[r.Streaming.MaxNumTexturesToStreamPerFrame:0]]
[2020.07.11-17.41.09:313][  0]LogConfig: Setting CVar [[r.Streaming.Boost:1]]
[2020.07.11-17.41.09:313][  0]LogConfig: Setting CVar [[r.MaxAnisotropy:8]]
[2020.07.11-17.41.09:313][  0]LogConfig: Setting CVar [[r.VT.MaxAnisotropy:8]]
[2020.07.11-17.41.09:313][  0]LogConfig: Setting CVar [[r.Streaming.LimitPoolSizeToVRAM:0]]
[2020.07.11-17.41.09:313][  0]LogConfig: Setting CVar [[r.Streaming.PoolSize:1000]]
[2020.07.11-17.41.09:313][  0]LogConfig: Setting CVar [[r.Streaming.MaxEffectiveScreenSize:0]]
[2020.07.11-17.41.09:313][  0]LogConfig: Applying CVar settings from Section [EffectsQuality@3] File [I:/GitHub/GameJam/Saved/Config/Windows/Scalability.ini]
[2020.07.11-17.41.09:313][  0]LogConfig: Setting CVar [[r.TranslucencyLightingVolumeDim:64]]
[2020.07.11-17.41.09:313][  0]LogConfig: Setting CVar [[r.RefractionQuality:2]]
[2020.07.11-17.41.09:313][  0]LogConfig: Setting CVar [[r.SSR.Quality:3]]
[2020.07.11-17.41.09:313][  0]LogConfig: Setting CVar [[r.SSR.HalfResSceneColor:0]]
[2020.07.11-17.41.09:313][  0]LogConfig: Setting CVar [[r.SceneColorFormat:4]]
[2020.07.11-17.41.09:313][  0]LogConfig: Setting CVar [[r.DetailMode:2]]
[2020.07.11-17.41.09:313][  0]LogConfig: Setting CVar [[r.TranslucencyVolumeBlur:1]]
[2020.07.11-17.41.09:313][  0]LogConfig: Setting CVar [[r.MaterialQualityLevel:1 ; High quality]]
[2020.07.11-17.41.09:313][  0]LogConfig: Setting CVar [[r.SSS.Scale:1]]
[2020.07.11-17.41.09:313][  0]LogConfig: Setting CVar [[r.SSS.SampleSet:2]]
[2020.07.11-17.41.09:313][  0]LogConfig: Setting CVar [[r.SSS.Quality:1]]
[2020.07.11-17.41.09:313][  0]LogConfig: Setting CVar [[r.SSS.HalfRes:0]]
[2020.07.11-17.41.09:313][  0]LogConfig: Setting CVar [[r.SSGI.Quality:3]]
[2020.07.11-17.41.09:313][  0]LogConfig: Setting CVar [[r.EmitterSpawnRateScale:1.0]]
[2020.07.11-17.41.09:313][  0]LogConfig: Setting CVar [[r.ParticleLightQuality:2]]
[2020.07.11-17.41.09:313][  0]LogConfig: Setting CVar [[r.SkyAtmosphere.AerialPerspectiveLUT.FastApplyOnOpaque:1 ; Always have FastSkyLUT 1 in this case to avoid wrong sky]]
[2020.07.11-17.41.09:313][  0]LogConfig: Setting CVar [[r.SkyAtmosphere.AerialPerspectiveLUT.SampleCountPerSlice:1]]
[2020.07.11-17.41.09:313][  0]LogConfig: Setting CVar [[r.SkyAtmosphere.AerialPerspectiveLUT.DepthResolution:16.0]]
[2020.07.11-17.41.09:313][  0]LogConfig: Setting CVar [[r.SkyAtmosphere.FastSkyLUT:1]]
[2020.07.11-17.41.09:313][  0]LogConfig: Setting CVar [[r.SkyAtmosphere.FastSkyLUT.SampleCountMin:4.0]]
[2020.07.11-17.41.09:313][  0]LogConfig: Setting CVar [[r.SkyAtmosphere.FastSkyLUT.SampleCountMax:32.0]]
[2020.07.11-17.41.09:313][  0]LogConfig: Setting CVar [[r.SkyAtmosphere.SampleCountMin:4.0]]
[2020.07.11-17.41.09:313][  0]LogConfig: Setting CVar [[r.SkyAtmosphere.SampleCountMax:32.0]]
[2020.07.11-17.41.09:313][  0]LogConfig: Setting CVar [[r.SkyAtmosphere.TransmittanceLUT.UseSmallFormat:0]]
[2020.07.11-17.41.09:313][  0]LogConfig: Setting CVar [[r.SkyAtmosphere.TransmittanceLUT.SampleCount:10.0]]
[2020.07.11-17.41.09:313][  0]LogConfig: Setting CVar [[r.SkyAtmosphere.MultiScatteringLUT.SampleCount:15.0]]
[2020.07.11-17.41.09:313][  0]LogConfig: Applying CVar settings from Section [FoliageQuality@3] File [I:/GitHub/GameJam/Saved/Config/Windows/Scalability.ini]
[2020.07.11-17.41.09:313][  0]LogConfig: Setting CVar [[foliage.DensityScale:1.0]]
[2020.07.11-17.41.09:313][  0]LogConfig: Setting CVar [[grass.DensityScale:1.0]]
[2020.07.11-17.41.09:313][  0]LogConfig: Applying CVar settings from Section [ShadingQuality@3] File [I:/GitHub/GameJam/Saved/Config/Windows/Scalability.ini]
[2020.07.11-17.41.09:313][  0]LogConfig: Setting CVar [[r.HairStrands.SkyLighting.SampleCount:16]]
[2020.07.11-17.41.09:313][  0]LogConfig: Setting CVar [[r.HairStrands.SkyLighting.JitterIntegration:0]]
[2020.07.11-17.41.09:313][  0]LogConfig: Setting CVar [[r.HairStrands.SkyAO.SampleCount:16]]
[2020.07.11-17.41.09:313][  0]LogConfig: Setting CVar [[r.HairStrands.DeepShadow.SuperSampling:0]]
[2020.07.11-17.41.09:313][  0]LogConfig: Setting CVar [[r.HairStrands.VisibilityPPLL:0]]
[2020.07.11-17.41.09:313][  0]LogConfig: Setting CVar [[r.HairStrands.RasterizationScale:0.5]]
[2020.07.11-17.41.09:313][  0]LogConfig: Setting CVar [[r.HairStrands.VelocityRasterizationScale:1]]
[2020.07.11-17.41.09:314][  0]LogConfig: Applying CVar settings from Section [Startup] File [../../../Engine/Config/ConsoleVariables.ini]
[2020.07.11-17.41.09:314][  0]LogConfig: Setting CVar [[net.UseAdaptiveNetUpdateFrequency:0]]
[2020.07.11-17.41.09:314][  0]LogConfig: Setting CVar [[p.chaos.AllowCreatePhysxBodies:1]]
[2020.07.11-17.41.09:314][  0]LogConfig: Setting CVar [[fx.SkipVectorVMBackendOptimizations:1]]
[2020.07.11-17.41.09:314][  0]LogConfig: Applying CVar settings from Section [ConsoleVariables] File [I:/GitHub/GameJam/Saved/Config/Windows/Engine.ini]
[2020.07.11-17.41.09:314][  0]LogInit: Computer: DESKTOP-DP038EU
[2020.07.11-17.41.09:314][  0]LogInit: User: Faye
[2020.07.11-17.41.09:314][  0]LogInit: CPU Page size=4096, Cores=4
[2020.07.11-17.41.09:314][  0]LogInit: High frequency timer resolution =10.000000 MHz
[2020.07.11-17.41.09:314][  0]LogMemory: Memory total: Physical=15.9GB (16GB approx)
[2020.07.11-17.41.09:314][  0]LogMemory: Platform Memory Stats for Windows
[2020.07.11-17.41.09:314][  0]LogMemory: Process Physical Memory: 114.63 MB used, 114.63 MB peak
[2020.07.11-17.41.09:314][  0]LogMemory: Process Virtual Memory: 95.49 MB used, 95.49 MB peak
[2020.07.11-17.41.09:314][  0]LogMemory: Physical Memory: 9591.07 MB used,  6730.86 MB free, 16321.93 MB total
[2020.07.11-17.41.09:314][  0]LogMemory: Virtual Memory: 5127.77 MB used,  134212600.00 MB free, 134217728.00 MB total
[2020.07.11-17.41.09:324][  0]LogWindows: WindowsPlatformFeatures enabled
[2020.07.11-17.41.09:360][  0]LogInit: Physics initialised using underlying interface: PhysX
[2020.07.11-17.41.09:361][  0]LogInit: Using OS detected language (en-GB).
[2020.07.11-17.41.09:361][  0]LogInit: Using OS detected locale (en-GB).
[2020.07.11-17.41.09:363][  0]LogTextLocalizationManager: No specific localization for 'en-GB' exists, so the 'en' localization will be used.
[2020.07.11-17.41.09:568][  0]LogInit: Setting process to per monitor DPI aware
[2020.07.11-17.41.09:608][  0]LogSlate: New Slate User Created.  User Index 0, Is Virtual User: 0
[2020.07.11-17.41.09:608][  0]LogSlate: Slate User Registered.  User Index 0, Is Virtual User: 0
[2020.07.11-17.41.09:750][  0]LogHMD: Failed to initialize OpenVR with code 110
[2020.07.11-17.41.09:750][  0]LogD3D11RHI: D3D11 min allowed feature level: 11_0
[2020.07.11-17.41.09:750][  0]LogD3D11RHI: D3D11 max allowed feature level: 11_0
[2020.07.11-17.41.09:750][  0]LogD3D11RHI: D3D11 adapters:
[2020.07.11-17.41.09:799][  0]LogD3D11RHI:    0. 'AMD Radeon (TM) R9 380 Series' (Feature Level 11_0)
[2020.07.11-17.41.09:799][  0]LogD3D11RHI:       2023/0/8160 MB DedicatedVideo/DedicatedSystem/SharedSystem, Outputs:2, VendorId:0x1002
[2020.07.11-17.41.09:802][  0]LogD3D11RHI:    1. 'Microsoft Basic Render Driver' (Feature Level 11_0)
[2020.07.11-17.41.09:802][  0]LogD3D11RHI:       0/0/8160 MB DedicatedVideo/DedicatedSystem/SharedSystem, Outputs:0, VendorId:0x1414
[2020.07.11-17.41.09:802][  0]LogD3D11RHI: Chosen D3D11 Adapter: 0
[2020.07.11-17.41.09:811][  0]LogD3D11RHI: Creating new Direct3DDevice
[2020.07.11-17.41.09:811][  0]LogD3D11RHI:     GPU DeviceId: 0x6939 (for the marketing name, search the web for "GPU Device Id")
[2020.07.11-17.41.09:811][  0]LogWindows: EnumDisplayDevices:
[2020.07.11-17.41.09:811][  0]LogWindows:    0. 'AMD Radeon (TM) R9 380 Series' (P:1 D:1)
[2020.07.11-17.41.09:812][  0]LogWindows:    1. 'AMD Radeon (TM) R9 380 Series' (P:0 D:1)
[2020.07.11-17.41.09:813][  0]LogWindows:    2. 'AMD Radeon (TM) R9 380 Series' (P:0 D:0)
[2020.07.11-17.41.09:814][  0]LogWindows:    3. 'AMD Radeon (TM) R9 380 Series' (P:0 D:0)
[2020.07.11-17.41.09:814][  0]LogWindows:    4. 'AMD Radeon (TM) R9 380 Series' (P:0 D:0)
[2020.07.11-17.41.09:815][  0]LogWindows:    5. 'AMD Radeon (TM) R9 380 Series' (P:0 D:0)
[2020.07.11-17.41.09:816][  0]LogWindows:    6. 'AMD Radeon (TM) R9 380 Series' (P:0 D:0)
[2020.07.11-17.41.09:816][  0]LogWindows:    7. 'AMD Radeon (TM) R9 380 Series' (P:0 D:0)
[2020.07.11-17.41.09:817][  0]LogWindows: DebugString: FoundDriverCount:8 
[2020.07.11-17.41.09:817][  0]LogD3D11RHI:     Adapter Name: AMD Radeon (TM) R9 380 Series
[2020.07.11-17.41.09:817][  0]LogD3D11RHI:   Driver Version: Adrenalin 2020 20.2.2 (internal:26.20.15019.19000, unified:26.20.15019.19000)
[2020.07.11-17.41.09:817][  0]LogD3D11RHI:      Driver Date: 2-28-2020
[2020.07.11-17.41.09:817][  0]LogRHI: Texture pool is 1203 MB (70% of 1719 MB)
[2020.07.11-17.41.09:901][  0]LogD3D11RHI: RHI has support for 64 bit atomics
[2020.07.11-17.41.09:901][  0]LogD3D11RHI: Async texture creation enabled
[2020.07.11-17.41.09:901][  0]LogD3D11RHI: Array index from any shader is supported
[2020.07.11-17.41.09:913][  0]LogD3D11RHI: GPU Timing Frequency: 27.000000 (Debug: 2 1)
[2020.07.11-17.41.10:329][  0]LogTargetPlatformManager: Display: Loaded TargetPlatform 'AllDesktop'
[2020.07.11-17.41.10:352][  0]LogTargetPlatformManager: Display: Loaded TargetPlatform 'Android'
[2020.07.11-17.41.10:352][  0]LogTargetPlatformManager: Display: Loaded TargetPlatform 'Android_ASTC'
[2020.07.11-17.41.10:352][  0]LogTargetPlatformManager: Display: Loaded TargetPlatform 'Android_DXT'
[2020.07.11-17.41.10:352][  0]LogTargetPlatformManager: Display: Loaded TargetPlatform 'Android_ETC2'
[2020.07.11-17.41.10:352][  0]LogTargetPlatformManager: Display: Loaded TargetPlatform 'AndroidClient'
[2020.07.11-17.41.10:352][  0]LogTargetPlatformManager: Display: Loaded TargetPlatform 'Android_ASTCClient'
[2020.07.11-17.41.10:352][  0]LogTargetPlatformManager: Display: Loaded TargetPlatform 'Android_DXTClient'
[2020.07.11-17.41.10:352][  0]LogTargetPlatformManager: Display: Loaded TargetPlatform 'Android_ETC2Client'
[2020.07.11-17.41.10:352][  0]LogTargetPlatformManager: Display: Loaded TargetPlatform 'Android_Multi'
[2020.07.11-17.41.10:352][  0]LogTargetPlatformManager: Display: Loaded TargetPlatform 'Android_MultiClient'
[2020.07.11-17.41.10:377][  0]LogTargetPlatformManager: Display: Loaded TargetPlatform 'IOSClient'
[2020.07.11-17.41.10:377][  0]LogTargetPlatformManager: Display: Loaded TargetPlatform 'IOS'
[2020.07.11-17.41.10:388][  0]LogTargetPlatformManager: Display: Loaded TargetPlatform 'Linux'
[2020.07.11-17.41.10:397][  0]LogTargetPlatformManager: Display: Loaded TargetPlatform 'LinuxNoEditor'
[2020.07.11-17.41.10:407][  0]LogTargetPlatformManager: Display: Loaded TargetPlatform 'LinuxClient'
[2020.07.11-17.41.10:417][  0]LogTargetPlatformManager: Display: Loaded TargetPlatform 'LinuxServer'
[2020.07.11-17.41.10:427][  0]LogTargetPlatformManager: Display: Loaded TargetPlatform 'LinuxAArch64NoEditor'
[2020.07.11-17.41.10:437][  0]LogTargetPlatformManager: Display: Loaded TargetPlatform 'LinuxAArch64Client'
[2020.07.11-17.41.10:447][  0]LogTargetPlatformManager: Display: Loaded TargetPlatform 'LinuxAArch64Server'
[2020.07.11-17.41.10:474][  0]LogTargetPlatformManager: Display: Loaded TargetPlatform 'Lumin'
[2020.07.11-17.41.10:474][  0]LogTargetPlatformManager: Display: Loaded TargetPlatform 'LuminClient'
[2020.07.11-17.41.10:490][  0]LogTargetPlatformManager: Display: Loaded TargetPlatform 'TVOSClient'
[2020.07.11-17.41.10:490][  0]LogTargetPlatformManager: Display: Loaded TargetPlatform 'TVOS'
[2020.07.11-17.41.10:499][  0]LogTargetPlatformManager: Display: Loaded TargetPlatform 'WindowsNoEditor'
[2020.07.11-17.41.10:510][  0]LogTargetPlatformManager: Display: Loaded TargetPlatform 'Windows'
[2020.07.11-17.41.10:519][  0]LogTargetPlatformManager: Display: Loaded TargetPlatform 'WindowsClient'
[2020.07.11-17.41.10:529][  0]LogTargetPlatformManager: Display: Loaded TargetPlatform 'WindowsServer'
[2020.07.11-17.41.10:529][  0]LogTargetPlatformManager: Display: Building Assets For Windows
[2020.07.11-17.41.10:538][  0]LogAudioDebug: Display: Lib vorbis DLL was dynamically loaded.
[2020.07.11-17.41.10:611][  0]LogShaderCompilers: Guid format shader working directory is 16 characters bigger than the processId version (../../../../../GitHub/GameJam/Intermediate/Shaders/WorkingDirectory/5732/).
[2020.07.11-17.41.10:611][  0]LogShaderCompilers: Cleaned the shader compiler working directory 'C:/Users/Faye/AppData/Local/Temp/UnrealShaderWorkingDir/D1B19BB145ACA2A7010FD18A0D4453FE/'.
[2020.07.11-17.41.10:611][  0]LogXGEController: Cleaning working directory: C:/Users/Faye/AppData/Local/Temp/UnrealXGEWorkingDir/
[2020.07.11-17.41.10:611][  0]LogXGEController: Cannot use XGE Controller as Incredibuild is not installed on this machine.
[2020.07.11-17.41.10:611][  0]LogShaderCompilers: Cannot use XGE Shader Compiler as Incredibuild is not installed on this machine.
[2020.07.11-17.41.10:611][  0]LogShaderCompilers: Display: Using Local Shader Compiler.
[2020.07.11-17.41.11:452][  0]LogDerivedDataCache: Display: Max Cache Size: 512 MB
[2020.07.11-17.41.11:506][  0]LogDerivedDataCache: Loaded boot cache 0.05s 75MB C:/Users/Faye/AppData/Local/UnrealEngine/4.25/DerivedDataCache/Boot.ddc.
[2020.07.11-17.41.11:506][  0]LogDerivedDataCache: Display: Loaded Boot cache: C:/Users/Faye/AppData/Local/UnrealEngine/4.25/DerivedDataCache/Boot.ddc
[2020.07.11-17.41.11:506][  0]LogDerivedDataCache: FDerivedDataBackendGraph:  Pak pak cache file ../../../../../GitHub/GameJam/DerivedDataCache/DDC.ddp not found, will not use a pak cache.
[2020.07.11-17.41.11:506][  0]LogDerivedDataCache: Unable to find inner node Pak for hierarchical cache Hierarchy.
[2020.07.11-17.41.11:506][  0]LogDerivedDataCache: FDerivedDataBackendGraph:  CompressedPak pak cache file ../../../../../GitHub/GameJam/DerivedDataCache/Compressed.ddp not found, will not use a pak cache.
[2020.07.11-17.41.11:506][  0]LogDerivedDataCache: Unable to find inner node CompressedPak for hierarchical cache Hierarchy.
[2020.07.11-17.41.11:517][  0]LogDerivedDataCache: Display: Pak cache opened for reading ../../../Engine/DerivedDataCache/Compressed.ddp.
[2020.07.11-17.41.11:517][  0]LogDerivedDataCache: FDerivedDataBackendGraph:  EnterprisePak pak cache file ../../../Enterprise/DerivedDataCache/Compressed.ddp not found, will not use a pak cache.
[2020.07.11-17.41.11:517][  0]LogDerivedDataCache: Unable to find inner node EnterprisePak for hierarchical cache Hierarchy.
[2020.07.11-17.41.11:518][  0]LogDerivedDataCache: Using Local data cache path C:/Users/Faye/AppData/Local/UnrealEngine/Common/DerivedDataCache: Writable
[2020.07.11-17.41.11:518][  0]LogDerivedDataCache: Shared data cache path not found in *engine.ini, will not use an Shared cache.
[2020.07.11-17.41.11:518][  0]LogDerivedDataCache: Unable to find inner node Shared for hierarchical cache Hierarchy.
[2020.07.11-17.41.11:570][  0]LogSlate: Using FreeType 2.10.0
[2020.07.11-17.41.11:571][  0]LogSlate: SlateFontServices - WITH_FREETYPE: 1, WITH_HARFBUZZ: 1
[2020.07.11-17.41.11:597][  0]LogAssetRegistry: FAssetRegistry took 0.0031 seconds to start up
[2020.07.11-17.41.11:841][  0]LogInit: Selected Device Profile: [Windows]
[2020.07.11-17.41.11:962][  0]LogMeshReduction: Using QuadricMeshReduction for automatic static mesh reduction
[2020.07.11-17.41.11:962][  0]LogMeshReduction: Using SimplygonMeshReduction for automatic skeletal mesh reduction
[2020.07.11-17.41.11:962][  0]LogMeshReduction: Using ProxyLODMeshReduction for automatic mesh merging
[2020.07.11-17.41.11:962][  0]LogMeshReduction: No distributed automatic mesh merging module available
[2020.07.11-17.41.11:962][  0]LogMeshMerging: No distributed automatic mesh merging module available
[2020.07.11-17.41.11:982][  0]LogNetVersion: GameJam 1.0.0, NetCL: 13144385, EngineNetVer: 14, GameNetVer: 0 (Checksum: 4006229209)
[2020.07.11-17.41.12:409][  0]LogAISub: UAISubsystem::UAISubsystem AISubsystem (000002A157854340), frame # 0
[2020.07.11-17.41.12:409][  0]LogAISub: UAISubsystem::UAISubsystem AIPerceptionSystem (000002A1577991C0), frame # 0
[2020.07.11-17.41.12:411][  0]LogAISub: UAISubsystem::UAISubsystem EnvQueryManager (000002A1577F1E00), frame # 0
[2020.07.11-17.41.12:448][  0]LogPackageLocalizationCache: Processed 19 localized package path(s) for 1 prioritized culture(s) in 0.032170 seconds
[2020.07.11-17.41.12:454][  0]LogUObjectArray: 15917 objects as part of root set at end of initial load.
[2020.07.11-17.41.12:454][  0]LogUObjectAllocator: 3965568 out of 0 bytes used by permanent object pool.
[2020.07.11-17.41.12:454][  0]LogUObjectArray: CloseDisregardForGC: 0/0 objects in disregard for GC pool
[2020.07.11-17.41.12:810][  0]LogTcpMessaging: Initializing TcpMessaging bridge
[2020.07.11-17.41.12:815][  0]LogUdpMessaging: Initializing bridge on interface 0.0.0.0:0 to multicast group 230.0.0.1:6666.
[2020.07.11-17.41.12:897][  0]SourceControl: Source control is disabled
[2020.07.11-17.41.12:898][  0]LogWindows: Warning: CreateProc failed: The system cannot find the file specified. (0x00000002)
[2020.07.11-17.41.12:898][  0]LogWindows: Warning: URL: C:/Program Files/Git/bin/git.exe version
[2020.07.11-17.41.12:898][  0]LogWindows: Warning: CreateProc failed: The system cannot find the file specified. (0x00000002)
[2020.07.11-17.41.12:898][  0]LogWindows: Warning: URL: C:/Program Files (x86)/Git/bin/git.exe version
[2020.07.11-17.41.12:898][  0]LogWindows: Warning: CreateProc failed: The system cannot find the file specified. (0x00000002)
[2020.07.11-17.41.12:898][  0]LogWindows: Warning: URL: C:\Users\Faye\AppData\Local/Programs/Git/cmd/git.exe version
[2020.07.11-17.41.12:898][  0]LogWindows: Warning: CreateProc failed: The system cannot find the file specified. (0x00000002)
[2020.07.11-17.41.12:898][  0]LogWindows: Warning: URL: C:/Program Files (x86)/SmartGit/git/bin/git.exe version
[2020.07.11-17.41.12:898][  0]LogWindows: Warning: CreateProc failed: The system cannot find the file specified. (0x00000002)
[2020.07.11-17.41.12:898][  0]LogWindows: Warning: URL: C:/Program Files (x86)/SmartGit/bin/git.exe version
[2020.07.11-17.41.12:898][  0]LogWindows: Warning: CreateProc failed: The system cannot find the file specified. (0x00000002)
[2020.07.11-17.41.12:899][  0]LogWindows: Warning: URL: C:\Users\Faye\AppData\Local/Atlassian/SourceTree/git_local/bin/git.exe version
[2020.07.11-17.41.12:899][  0]LogWindows: Warning: CreateProc failed: The system cannot find the file specified. (0x00000002)
[2020.07.11-17.41.12:899][  0]LogWindows: Warning: URL: C:/Program Files (x86)/fournova/Tower/vendor/Git/bin/git.exe version
[2020.07.11-17.41.12:902][  0]LogWindows: Warning: CreateProc failed: The system cannot find the file specified. (0x00000002)
[2020.07.11-17.41.12:902][  0]LogWindows: Warning: URL: C:/Program Files/Git/bin/git.exe version
[2020.07.11-17.41.12:902][  0]LogWindows: Warning: CreateProc failed: The system cannot find the file specified. (0x00000002)
[2020.07.11-17.41.12:903][  0]LogWindows: Warning: URL: C:/Program Files (x86)/Git/bin/git.exe version
[2020.07.11-17.41.12:903][  0]LogWindows: Warning: CreateProc failed: The system cannot find the file specified. (0x00000002)
[2020.07.11-17.41.12:903][  0]LogWindows: Warning: URL: C:\Users\Faye\AppData\Local/Programs/Git/cmd/git.exe version
[2020.07.11-17.41.12:903][  0]LogWindows: Warning: CreateProc failed: The system cannot find the file specified. (0x00000002)
[2020.07.11-17.41.12:903][  0]LogWindows: Warning: URL: C:/Program Files (x86)/SmartGit/git/bin/git.exe version
[2020.07.11-17.41.12:903][  0]LogWindows: Warning: CreateProc failed: The system cannot find the file specified. (0x00000002)
[2020.07.11-17.41.12:903][  0]LogWindows: Warning: URL: C:/Program Files (x86)/SmartGit/bin/git.exe version
[2020.07.11-17.41.12:903][  0]LogWindows: Warning: CreateProc failed: The system cannot find the file specified. (0x00000002)
[2020.07.11-17.41.12:903][  0]LogWindows: Warning: URL: C:\Users\Faye\AppData\Local/Atlassian/SourceTree/git_local/bin/git.exe version
[2020.07.11-17.41.12:903][  0]LogWindows: Warning: CreateProc failed: The system cannot find the file specified. (0x00000002)
[2020.07.11-17.41.12:903][  0]LogWindows: Warning: URL: C:/Program Files (x86)/fournova/Tower/vendor/Git/bin/git.exe version
[2020.07.11-17.41.12:907][  0]LogWindows: Warning: CreateProc failed: The system cannot find the file specified. (0x00000002)
[2020.07.11-17.41.12:907][  0]LogWindows: Warning: URL: C:/Program Files/Git/bin/git.exe version
[2020.07.11-17.41.12:907][  0]LogWindows: Warning: CreateProc failed: The system cannot find the file specified. (0x00000002)
[2020.07.11-17.41.12:907][  0]LogWindows: Warning: URL: C:/Program Files (x86)/Git/bin/git.exe version
[2020.07.11-17.41.12:907][  0]LogWindows: Warning: CreateProc failed: The system cannot find the file specified. (0x00000002)
[2020.07.11-17.41.12:907][  0]LogWindows: Warning: URL: C:\Users\Faye\AppData\Local/Programs/Git/cmd/git.exe version
[2020.07.11-17.41.12:907][  0]LogWindows: Warning: CreateProc failed: The system cannot find the file specified. (0x00000002)
[2020.07.11-17.41.12:907][  0]LogWindows: Warning: URL: C:/Program Files (x86)/SmartGit/git/bin/git.exe version
[2020.07.11-17.41.12:907][  0]LogWindows: Warning: CreateProc failed: The system cannot find the file specified. (0x00000002)
[2020.07.11-17.41.12:907][  0]LogWindows: Warning: URL: C:/Program Files (x86)/SmartGit/bin/git.exe version
[2020.07.11-17.41.12:908][  0]LogWindows: Warning: CreateProc failed: The system cannot find the file specified. (0x00000002)
[2020.07.11-17.41.12:908][  0]LogWindows: Warning: URL: C:\Users\Faye\AppData\Local/Atlassian/SourceTree/git_local/bin/git.exe version
[2020.07.11-17.41.12:908][  0]LogWindows: Warning: CreateProc failed: The system cannot find the file specified. (0x00000002)
[2020.07.11-17.41.12:908][  0]LogWindows: Warning: URL: C:/Program Files (x86)/fournova/Tower/vendor/Git/bin/git.exe version
[2020.07.11-17.41.12:916][  0]LogWindows: Warning: CreateProc failed: The system cannot find the file specified. (0x00000002)
[2020.07.11-17.41.12:916][  0]LogWindows: Warning: URL: C:/Program Files/Git/bin/git.exe version
[2020.07.11-17.41.12:916][  0]LogWindows: Warning: CreateProc failed: The system cannot find the file specified. (0x00000002)
[2020.07.11-17.41.12:916][  0]LogWindows: Warning: URL: C:/Program Files (x86)/Git/bin/git.exe version
[2020.07.11-17.41.12:916][  0]LogWindows: Warning: CreateProc failed: The system cannot find the file specified. (0x00000002)
[2020.07.11-17.41.12:916][  0]LogWindows: Warning: URL: C:\Users\Faye\AppData\Local/Programs/Git/cmd/git.exe version
[2020.07.11-17.41.12:916][  0]LogWindows: Warning: CreateProc failed: The system cannot find the file specified. (0x00000002)
[2020.07.11-17.41.12:916][  0]LogWindows: Warning: URL: C:/Program Files (x86)/SmartGit/git/bin/git.exe version
[2020.07.11-17.41.12:916][  0]LogWindows: Warning: CreateProc failed: The system cannot find the file specified. (0x00000002)
[2020.07.11-17.41.12:916][  0]LogWindows: Warning: URL: C:/Program Files (x86)/SmartGit/bin/git.exe version
[2020.07.11-17.41.12:916][  0]LogWindows: Warning: CreateProc failed: The system cannot find the file specified. (0x00000002)
[2020.07.11-17.41.12:917][  0]LogWindows: Warning: URL: C:\Users\Faye\AppData\Local/Atlassian/SourceTree/git_local/bin/git.exe version
[2020.07.11-17.41.12:917][  0]LogWindows: Warning: CreateProc failed: The system cannot find the file specified. (0x00000002)
[2020.07.11-17.41.12:917][  0]LogWindows: Warning: URL: C:/Program Files (x86)/fournova/Tower/vendor/Git/bin/git.exe version
[2020.07.11-17.41.13:175][  0]LogAndroidPermission: UAndroidPermissionCallbackProxy::GetInstance
[2020.07.11-17.41.13:197][  0]LogAudioCaptureCore: Display: No Audio Capture implementations found. Audio input will be silent.
[2020.07.11-17.41.13:197][  0]LogAudioCaptureCore: Display: No Audio Capture implementations found. Audio input will be silent.
[2020.07.11-17.41.13:250][  0]LogOcInput: OculusInput pre-init called
[2020.07.11-17.41.13:261][  0]LogWindows: Failed to load 'OVRPlugin.dll' (GetLastError=126)
[2020.07.11-17.41.13:261][  0]LogWindows: File 'OVRPlugin.dll' does not exist
[2020.07.11-17.41.13:328][  0]LogEngine: Initializing Engine...
[2020.07.11-17.41.13:330][  0]LogHMD: Failed to initialize OpenVR with code 110
[2020.07.11-17.41.13:330][  0]LogMagicLeap: Warning: VR disabled because ZI is not enabled.  To enable, in the editor, Edit -> Project Settings -> Plugins -> Magic Leap Plugin -> Enable Zero Iteration
[2020.07.11-17.41.13:331][  0]LogStats: UGameplayTagsManager::InitializeManager -  0.000 s
[2020.07.11-17.41.13:459][  0]LogInit: Initializing FReadOnlyCVARCache
[2020.07.11-17.41.13:467][  0]LogAIModule: Creating AISystem for world Untitled
[2020.07.11-17.41.13:467][  0]LogAISub: UAISubsystem::UAISubsystem EnvQueryManager (000002A162A70600), frame # 0
[2020.07.11-17.41.13:467][  0]LogAISub: UAISubsystem::UAISubsystem AIPerceptionSystem (000002A162A56FC0), frame # 0
[2020.07.11-17.41.13:485][  0]LogAudioMixer: Display: Audio Mixer Platform Settings:
[2020.07.11-17.41.13:485][  0]LogAudioMixer: Display: 	Sample Rate:						  48000
[2020.07.11-17.41.13:485][  0]LogAudioMixer: Display: 	Callback Buffer Frame Size Requested: 1024
[2020.07.11-17.41.13:485][  0]LogAudioMixer: Display: 	Callback Buffer Frame Size To Use:	  1024
[2020.07.11-17.41.13:485][  0]LogAudioMixer: Display: 	Number of buffers to queue:			  2
[2020.07.11-17.41.13:485][  0]LogAudioMixer: Display: 	Max Channels (voices):				  32
[2020.07.11-17.41.13:485][  0]LogAudioMixer: Display: 	Number of Async Source Workers:		  0
[2020.07.11-17.41.13:485][  0]LogAudio: Display: AudioDevice MaxSources: 32
[2020.07.11-17.41.13:486][  0]LogAudio: Display: Using built-in audio occlusion.
[2020.07.11-17.41.13:486][  0]LogAudioMixer: Display: Initializing audio mixer.
[2020.07.11-17.41.13:507][  0]LogAudioMixer: Display: 0: FrontLeft
[2020.07.11-17.41.13:507][  0]LogAudioMixer: Display: 1: FrontRight
[2020.07.11-17.41.13:507][  0]LogAudioMixer: Display: 2: FrontCenter
[2020.07.11-17.41.13:507][  0]LogAudioMixer: Display: 3: LowFrequency
[2020.07.11-17.41.13:507][  0]LogAudioMixer: Display: 4: BackLeft
[2020.07.11-17.41.13:507][  0]LogAudioMixer: Display: 5: BackRight
[2020.07.11-17.41.13:507][  0]LogAudioMixer: Display: 6: SideLeft
[2020.07.11-17.41.13:507][  0]LogAudioMixer: Display: 7: SideRight
[2020.07.11-17.41.13:549][  0]LogAudioMixer: Display: Using Audio Device Headset Earphone (Corsair VOID PRO Wireless Gaming Headset)
[2020.07.11-17.41.13:553][  0]LogAudioMixer: Display: Initializing Sound Submixes...
[2020.07.11-17.41.13:555][  0]LogAudioMixer: Display: Creating Master Submix 'MasterSubmixDefault'
[2020.07.11-17.41.13:555][  0]LogAudioMixer: Display: Creating Master Submix 'MasterReverbSubmixDefault'
[2020.07.11-17.41.13:556][  0]LogAudioMixer: Display: Creating Master Submix 'MasterEQSubmixDefault'
[2020.07.11-17.41.13:557][  0]LogInit: FAudioDevice initialized.
[2020.07.11-17.41.13:557][  0]LogNetVersion: Set ProjectVersion to 1.0.0.0. Version Checksum will be recalculated on next use.
[2020.07.11-17.41.13:667][  0]LogDerivedDataCache: Saved boot cache 0.11s 75MB C:/Users/Faye/AppData/Local/UnrealEngine/4.25/DerivedDataCache/Boot.ddc.
[2020.07.11-17.41.13:667][  0]LogInit: Texture streaming: Enabled
[2020.07.11-17.41.13:686][  0]LogEngineSessionManager: EngineSessionManager initialized
[2020.07.11-17.41.13:686][  0]LogEditorSessionSummary: Verbose: Initializing EditorSessionSummaryWriter for editor session tracking
[2020.07.11-17.41.13:689][  0]LogEditorSessionSummary: EditorSessionSummaryWriter initialized
[2020.07.11-17.41.13:730][  0]LogInit: Transaction tracking system initialized
[2020.07.11-17.41.13:754][  0]BlueprintLog: New page: Editor Load
[2020.07.11-17.41.13:829][  0]LocalizationService: Localization service is disabled
[2020.07.11-17.41.13:976][  0]LogCook: Display: Max memory allowance for cook 16384mb min free memory 0mb
[2020.07.11-17.41.13:976][  0]LogCook: Display: Mobile HDR setting 1
[2020.07.11-17.41.14:119][  0]LogFileCache: Scanning file cache for directory 'I:/GitHub/GameJam/Content/' took 0.00s
[2020.07.11-17.41.14:347][  0]LogWindows: Warning: CreateProc failed: The system cannot find the file specified. (0x00000002)
[2020.07.11-17.41.14:347][  0]LogWindows: Warning: URL: C:/Program Files/Git/bin/git.exe version
[2020.07.11-17.41.14:347][  0]LogWindows: Warning: CreateProc failed: The system cannot find the file specified. (0x00000002)
[2020.07.11-17.41.14:347][  0]LogWindows: Warning: URL: C:/Program Files (x86)/Git/bin/git.exe version
[2020.07.11-17.41.14:347][  0]LogWindows: Warning: CreateProc failed: The system cannot find the file specified. (0x00000002)
[2020.07.11-17.41.14:347][  0]LogWindows: Warning: URL: C:\Users\Faye\AppData\Local/Programs/Git/cmd/git.exe version
[2020.07.11-17.41.14:347][  0]LogWindows: Warning: CreateProc failed: The system cannot find the file specified. (0x00000002)
[2020.07.11-17.41.14:347][  0]LogWindows: Warning: URL: C:/Program Files (x86)/SmartGit/git/bin/git.exe version
[2020.07.11-17.41.14:347][  0]LogWindows: Warning: CreateProc failed: The system cannot find the file specified. (0x00000002)
[2020.07.11-17.41.14:348][  0]LogWindows: Warning: URL: C:/Program Files (x86)/SmartGit/bin/git.exe version
[2020.07.11-17.41.14:348][  0]LogWindows: Warning: CreateProc failed: The system cannot find the file specified. (0x00000002)
[2020.07.11-17.41.14:348][  0]LogWindows: Warning: URL: C:\Users\Faye\AppData\Local/Atlassian/SourceTree/git_local/bin/git.exe version
[2020.07.11-17.41.14:348][  0]LogWindows: Warning: CreateProc failed: The system cannot find the file specified. (0x00000002)
[2020.07.11-17.41.14:348][  0]LogWindows: Warning: URL: C:/Program Files (x86)/fournova/Tower/vendor/Git/bin/git.exe version
[2020.07.11-17.41.14:348][  0]LogUnrealEdMisc: Loading editor; pre map load, took 7.734
[2020.07.11-17.41.14:348][  0]Cmd: MAP LOAD FILE="../../../../../GitHub/GameJam/Content/StarterContent/Maps/Minimal_Default.umap" TEMPLATE=0 SHOWPROGRESS=1 FEATURELEVEL=3
[2020.07.11-17.41.14:348][  0]LightingResults: New page: Lighting Build
[2020.07.11-17.41.14:349][  0]LogWorld: UWorld::CleanupWorld for Untitled, bSessionEnded=true, bCleanupResources=true
[2020.07.11-17.41.14:349][  0]LogSlate: InvalidateAllWidgets triggered.  All widgets were invalidated
[2020.07.11-17.41.14:349][  0]MapCheck: New page: Map Check
[2020.07.11-17.41.14:349][  0]LightingResults: New page: Lighting Build
[2020.07.11-17.41.14:358][  0]LogAISub: UAISubsystem::~UAISubsystem EnvQueryManager (000002A162A70600), frame # 0
[2020.07.11-17.41.14:358][  0]LogAISub: UAISubsystem::~UAISubsystem AIPerceptionSystem (000002A162A56FC0), frame # 0
[2020.07.11-17.41.14:359][  0]LogUObjectHash: Compacting FUObjectHashTables data took   0.80ms
[2020.07.11-17.41.14:503][  0]LogAIModule: Creating AISystem for world Minimal_Default
[2020.07.11-17.41.14:503][  0]LogAISub: UAISubsystem::UAISubsystem EnvQueryManager (000002A14DAB1400), frame # 0
[2020.07.11-17.41.14:503][  0]LogAISub: UAISubsystem::UAISubsystem AIPerceptionSystem (000002A14D9F87C0), frame # 0
[2020.07.11-17.41.14:510][  0]LogEditorServer: Finished looking for orphan Actors (0.000 secs)
[2020.07.11-17.41.14:520][  0]LogUObjectHash: Compacting FUObjectHashTables data took   0.93ms
[2020.07.11-17.41.14:520][  0]Cmd: MAP CHECKDEP NOCLEARLOG
[2020.07.11-17.41.14:520][  0]MapCheck: Map check complete: 0 Error(s), 0 Warning(s), took 0.098ms to complete.
[2020.07.11-17.41.14:520][  0]LogFileHelpers: Loading map 'Minimal_Default' took 0.172
[2020.07.11-17.41.14:522][  0]LogUnrealEdMisc: Total Editor Startup Time, took 7.908
[2020.07.11-17.41.14:690][  0]LogSlate: Updating window title bar state: overlay mode, drag disabled, window buttons hidden, title bar hidden
[2020.07.11-17.41.14:699][  0]LogSlate: Updating window title bar state: overlay mode, drag disabled, window buttons hidden, title bar hidden
[2020.07.11-17.41.14:708][  0]LogSlate: Updating window title bar state: overlay mode, drag disabled, window buttons hidden, title bar hidden
[2020.07.11-17.41.14:717][  0]LogSlate: Updating window title bar state: overlay mode, drag disabled, window buttons hidden, title bar hidden
[2020.07.11-17.41.14:723][  0]LogCollectionManager: Loaded 0 collections in 0.000825 seconds
[2020.07.11-17.41.14:738][  0]LogFileCache: Scanning file cache for directory 'I:/GitHub/GameJam/Saved/Collections/' took 0.00s
[2020.07.11-17.41.14:738][  0]LogFileCache: Scanning file cache for directory 'I:/GitHub/GameJam/Content/Developers/Faye/Collections/' took 0.00s
[2020.07.11-17.41.14:738][  0]LogFileCache: Scanning file cache for directory 'I:/GitHub/GameJam/Content/Collections/' took 0.00s
[2020.07.11-17.41.14:738][  0]LogContentBrowser: Native class hierarchy populated in 0.0100 seconds. Added 3427 classes and 821 folders.
[2020.07.11-17.41.14:741][  0]LogContentBrowser: Native class hierarchy updated for 'WidgetCarousel' in 0.0003 seconds. Added 0 classes and 0 folders.
[2020.07.11-17.41.14:786][  0]LogContentBrowser: Native class hierarchy updated for 'AddContentDialog' in 0.0003 seconds. Added 0 classes and 0 folders.
[2020.07.11-17.41.14:787][  0]LogContentBrowser: Native class hierarchy updated for 'SceneOutliner' in 0.0002 seconds. Added 2 classes and 0 folders.
[2020.07.11-17.41.14:826][  0]LogSlate: Took 0.000179 seconds to synchronously load lazily loaded font '../../../Engine/Content/Slate/Fonts/Roboto-Regular.ttf' (155K)
[2020.07.11-17.41.14:828][  0]LogSlate: Took 0.000152 seconds to synchronously load lazily loaded font '../../../Engine/Content/Slate/Fonts/Roboto-Bold.ttf' (160K)
[2020.07.11-17.41.14:832][  0]LogSlate: Took 0.000132 seconds to synchronously load lazily loaded font '../../../Engine/Content/Editor/Slate/Fonts/FontAwesome.ttf' (139K)
[2020.07.11-17.41.14:925][  0]LogRenderer: Reallocating scene render targets to support 1136x572 Format 10 NumSamples 1 (Frame:1).
[2020.07.11-17.41.15:046][  0]LogContentBrowser: Native class hierarchy updated for 'HierarchicalLODOutliner' in 0.0003 seconds. Added 0 classes and 0 folders.
[2020.07.11-17.41.15:047][  0]LogLoad: (Engine Initialization) Total time: 8.43 seconds
[2020.07.11-17.41.15:047][  0]LogLoad: (Engine Initialization) Total Blueprint compile time: 0.00 seconds
[2020.07.11-17.41.15:075][  0]LogContentStreaming: Texture pool size now 1000 MB
[2020.07.11-17.41.16:070][105]LogSlate: Took 0.000200 seconds to synchronously load lazily loaded font '../../../Engine/Content/Slate/Fonts/Roboto-Light.ttf' (167K)
[2020.07.11-17.41.19:112][384]LogSlate: Took 0.000123 seconds to synchronously load lazily loaded font '../../../Engine/Content/Slate/Fonts/Roboto-Light.ttf' (167K)
[2020.07.11-17.41.30:713][632]LogAssetEditorSubsystem: Opening Asset editor for World /Game/Levels/Character.Character
[2020.07.11-17.41.30:722][632]LogUObjectHash: Compacting FUObjectHashTables data took   0.78ms
[2020.07.11-17.41.30:723][632]Cmd: MAP LOAD FILE="../../../../../GitHub/GameJam/Content/Levels/Character.umap" TEMPLATE=0 SHOWPROGRESS=1 FEATURELEVEL=3
[2020.07.11-17.41.30:723][632]LightingResults: New page: Lighting Build
[2020.07.11-17.41.30:723][632]LoadErrors: New page: Loading map: Character.umap
[2020.07.11-17.41.30:754][632]LogWorld: UWorld::CleanupWorld for Minimal_Default, bSessionEnded=true, bCleanupResources=true
[2020.07.11-17.41.30:754][632]LogSlate: InvalidateAllWidgets triggered.  All widgets were invalidated
[2020.07.11-17.41.30:755][632]MapCheck: New page: Map Check
[2020.07.11-17.41.30:755][632]LightingResults: New page: Lighting Build
[2020.07.11-17.41.30:764][632]LogAISub: UAISubsystem::~UAISubsystem EnvQueryManager (000002A14DAB1400), frame # 1632
[2020.07.11-17.41.30:764][632]LogAISub: UAISubsystem::~UAISubsystem AIPerceptionSystem (000002A14D9F87C0), frame # 1632
[2020.07.11-17.41.30:765][632]LogUObjectHash: Compacting FUObjectHashTables data took   0.81ms
[2020.07.11-17.41.30:768][632]LogEditorServer: Finished looking for orphan Actors (0.000 secs)
[2020.07.11-17.41.30:768][632]LogAIModule: Creating AISystem for world Character
[2020.07.11-17.41.30:768][632]LogAISub: UAISubsystem::UAISubsystem EnvQueryManager (000002A14E12DE00), frame # 1632
[2020.07.11-17.41.30:769][632]LogAISub: UAISubsystem::UAISubsystem AIPerceptionSystem (000002A14E129300), frame # 1632
[2020.07.11-17.41.30:779][632]LogUObjectHash: Compacting FUObjectHashTables data took   0.68ms
[2020.07.11-17.41.30:797][632]Cmd: MAP CHECKDEP NOCLEARLOG
[2020.07.11-17.41.30:797][632]MapCheck: Map check complete: 0 Error(s), 0 Warning(s), took 0.068ms to complete.
[2020.07.11-17.41.30:797][632]LogFileHelpers: Loading map 'Character' took 0.075
[2020.07.11-17.41.30:832][632]LogAssetRegistry: Asset discovery search completed in 19.2369 seconds
[2020.07.11-17.41.30:837][632]LogCollectionManager: Fixed up redirectors for 0 collections in 0.000001 seconds (updated 0 objects)
[2020.07.11-17.41.34:713][ 59]LogTemp: Repeating last play command: Selected Viewport
[2020.07.11-17.41.34:724][ 59]LogPlayLevel: PlayLevel: No blueprints needed recompiling
[2020.07.11-17.41.34:725][ 59]PIE: New page: PIE session: Character (11 Jul 2020, 19:41:34)
[2020.07.11-17.41.34:726][ 59]LogOnline: OSS: Creating online subsystem instance for: NULL
[2020.07.11-17.41.34:727][ 59]LogOnline: OSS: TryLoadSubsystemAndSetDefault: Loaded subsystem for module [NULL]
[2020.07.11-17.41.34:727][ 59]LogPlayLevel: Creating play world package: /Game/Levels/UEDPIE_0_Character
[2020.07.11-17.41.34:728][ 59]LogPlayLevel: PIE: StaticDuplicateObject took: (0.001217s)
[2020.07.11-17.41.34:729][ 59]LogAIModule: Creating AISystem for world Character
[2020.07.11-17.41.34:729][ 59]LogAISub: UAISubsystem::UAISubsystem EnvQueryManager (000002A14DA12000), frame # 2059
[2020.07.11-17.41.34:729][ 59]LogAISub: UAISubsystem::UAISubsystem AIPerceptionSystem (000002A1021542C0), frame # 2059
[2020.07.11-17.41.34:730][ 59]LogPlayLevel: PIE: World Init took: (0.001245s)
[2020.07.11-17.41.34:730][ 59]LogPlayLevel: PIE: Created PIE world by copying editor world from /Game/Levels/Character.Character to /Game/Levels/UEDPIE_0_Character.Character (0.002594s)
[2020.07.11-17.41.34:737][ 59]LogUObjectHash: Compacting FUObjectHashTables data took   0.60ms
[2020.07.11-17.41.34:738][ 59]LogAudioMixer: Display: Audio Mixer Platform Settings:
[2020.07.11-17.41.34:738][ 59]LogAudioMixer: Display: 	Sample Rate:						  48000
[2020.07.11-17.41.34:738][ 59]LogAudioMixer: Display: 	Callback Buffer Frame Size Requested: 1024
[2020.07.11-17.41.34:738][ 59]LogAudioMixer: Display: 	Callback Buffer Frame Size To Use:	  1024
[2020.07.11-17.41.34:738][ 59]LogAudioMixer: Display: 	Number of buffers to queue:			  2
[2020.07.11-17.41.34:738][ 59]LogAudioMixer: Display: 	Max Channels (voices):				  32
[2020.07.11-17.41.34:738][ 59]LogAudioMixer: Display: 	Number of Async Source Workers:		  0
[2020.07.11-17.41.34:738][ 59]LogAudio: Display: AudioDevice MaxSources: 32
[2020.07.11-17.41.34:739][ 59]LogAudio: Display: Using built-in audio occlusion.
[2020.07.11-17.41.34:739][ 59]LogAudioMixer: Display: Initializing audio mixer.
[2020.07.11-17.41.34:747][ 59]LogAudioMixer: Display: 0: FrontLeft
[2020.07.11-17.41.34:747][ 59]LogAudioMixer: Display: 1: FrontRight
[2020.07.11-17.41.34:747][ 59]LogAudioMixer: Display: 2: FrontCenter
[2020.07.11-17.41.34:747][ 59]LogAudioMixer: Display: 3: LowFrequency
[2020.07.11-17.41.34:747][ 59]LogAudioMixer: Display: 4: BackLeft
[2020.07.11-17.41.34:747][ 59]LogAudioMixer: Display: 5: BackRight
[2020.07.11-17.41.34:747][ 59]LogAudioMixer: Display: 6: SideLeft
[2020.07.11-17.41.34:747][ 59]LogAudioMixer: Display: 7: SideRight
[2020.07.11-17.41.34:766][ 59]LogAudioMixer: Display: Using Audio Device Headset Earphone (Corsair VOID PRO Wireless Gaming Headset)
[2020.07.11-17.41.34:767][ 59]LogAudioMixer: Display: Initializing Sound Submixes...
[2020.07.11-17.41.34:767][ 59]LogAudioMixer: Display: Creating Master Submix 'MasterSubmixDefault'
[2020.07.11-17.41.34:767][ 59]LogAudioMixer: Display: Creating Master Submix 'MasterReverbSubmixDefault'
[2020.07.11-17.41.34:767][ 59]LogAudioMixer: Display: Creating Master Submix 'MasterEQSubmixDefault'
[2020.07.11-17.41.34:780][ 59]LogInit: FAudioDevice initialized.
[2020.07.11-17.41.34:788][ 59]LogLoad: Game class is 'GameModeBase'
[2020.07.11-17.41.34:838][ 59]LogWorld: Bringing World /Game/Levels/UEDPIE_0_Character.Character up for play (max tick rate 0) at 2020.07.11-18.41.34
[2020.07.11-17.41.34:839][ 59]LogWorld: Bringing up level for play took: 0.049609
[2020.07.11-17.41.34:839][ 59]LogOnline: OSS: Creating online subsystem instance for: :Context_1
[2020.07.11-17.41.34:877][ 59]LogContentBrowser: Native class hierarchy updated for 'MovieSceneCapture' in 0.0004 seconds. Added 20 classes and 0 folders.
[2020.07.11-17.41.34:878][ 59]PIE: Server logged in
[2020.07.11-17.41.34:880][ 59]PIE: Play in editor total start time 0.156 seconds.
[2020.07.11-17.41.36:525][234]LogSlate: Updating window title bar state: overlay mode, drag disabled, window buttons hidden, title bar hidden
[2020.07.11-17.41.36:525][234]LogWorld: BeginTearingDown for /Game/Levels/UEDPIE_0_Character
[2020.07.11-17.41.36:525][234]LogWorld: UWorld::CleanupWorld for Character, bSessionEnded=true, bCleanupResources=true
[2020.07.11-17.41.36:526][234]LogSlate: InvalidateAllWidgets triggered.  All widgets were invalidated
[2020.07.11-17.41.36:532][234]LogPlayLevel: Display: Shutting down PIE online subsystems
[2020.07.11-17.41.36:533][234]LogSlate: InvalidateAllWidgets triggered.  All widgets were invalidated
[2020.07.11-17.41.36:541][234]LogSlate: Updating window title bar state: overlay mode, drag disabled, window buttons hidden, title bar hidden
[2020.07.11-17.41.36:560][234]LogAISub: UAISubsystem::~UAISubsystem AIPerceptionSystem (000002A1021542C0), frame # 2234
[2020.07.11-17.41.36:560][234]LogAISub: UAISubsystem::~UAISubsystem EnvQueryManager (000002A14DA12000), frame # 2234
[2020.07.11-17.41.36:561][234]LogUObjectHash: Compacting FUObjectHashTables data took   0.73ms
[2020.07.11-17.41.36:621][236]LogPlayLevel: Display: Destroying online subsystem :Context_1
